<?xml version="1.0" encoding="UTF-8"?>
<!-- Generated by org.testng.reporters.JUnitReportReporter -->
<testsuite hostname="LAPTOP-UIPAV02K" failures="0" tests="2" name="Runners.ShoppingDemoRunner" time="16.397" errors="0" timestamp="2022-07-27T12:53:05 IST" skipped="0">
  <testcase classname="Runners.ShoppingDemoRunner" name="runScenario" time="13.633"/>
  <system-out/>
  <testcase classname="Runners.ShoppingDemoRunner" name="runScenario" time="2.764"/>
  <system-out/>
</testsuite> <!-- Runners.ShoppingDemoRunner -->
